<?xml version="1.0" encoding="UTF-8"?>
<!-- Generated by org.testng.reporters.JUnitXMLReporter -->
<testsuite ignored="0" hostname="ANUJYADAV" failures="0" tests="3" name="Default test" time="19.644" errors="0" timestamp="2026-07-15T11:36:37 IST">
  <testcase classname="NavigationCommands.NavigationCommand" name="NavigateDemo" time="8.736"/>
  <testcase classname="NavigationCommands.NavigationCommand" name="NavigateBackDemo" time="8.791"/>
  <testcase classname="NavigationCommands.NavigationCommand" name="RefreshMethod" time="2.058"/>
</testsuite> <!-- Default test -->
