<?xml version="1.0" encoding="UTF-8"?>
<!-- Generated by org.testng.reporters.JUnitReportReporter -->
<testsuite hostname="ANUJYADAV" failures="0" tests="1" name="com.Framework.Runner.TestRunner" time="4.838" errors="1" timestamp="2026-07-28T15:02:49 IST" skipped="0">
  <testcase classname="com.Framework.Runner.TestRunner" name="runScenario" time="4.838">
    <error message="Cannot invoke &quot;Utility.ConfigDataProvider.getUserName()&quot; because &quot;this.config&quot; is null" type="java.lang.NullPointerException">
      <![CDATA[java.lang.NullPointerException: Cannot invoke "Utility.ConfigDataProvider.getUserName()" because "this.config" is null
at com.Framework.StepDefinitions.LoginAndAgeCalculatorSteps.i_login_with_valid_credentials(LoginAndAgeCalculatorSteps.java:20)
at ✽.I login with valid credentials(file:///C:/Coforge_Automation_Testing/EasyCalculationAutomationTestingFinalProject/src/test/resources/Features/LoginAndAgeCalculator.feature:4)
]]>
    </error>
  </testcase> <!-- runScenario -->
</testsuite> <!-- com.Framework.Runner.TestRunner -->
