<?xml version="1.0" encoding="UTF-8"?>
<testng-results ignored="0" total="3" passed="3" failed="0" skipped="0">
  <reporter-output>
  </reporter-output>
  <suite started-at="2026-07-27T11:51:31 IST" name="Default suite" finished-at="2026-07-27T11:51:36 IST" duration-ms="5168">
    <groups>
    </groups>
    <test started-at="2026-07-27T11:51:31 IST" name="Default test" finished-at="2026-07-27T11:51:36 IST" duration-ms="5168">
      <class name="com.POSTRequest.CompletePutPostTest">
        <test-method is-config="true" signature="setup()[pri:0, instance:com.POSTRequest.CompletePutPostTest@544fa968]" started-at="2026-07-27T11:51:31 IST" name="setup" finished-at="2026-07-27T11:51:31 IST" duration-ms="400" status="PASS">
          <reporter-output>
          </reporter-output>
        </test-method> <!-- setup -->
        <test-method signature="testPostRequestComplete()[pri:1, instance:com.POSTRequest.CompletePutPostTest@544fa968]" started-at="2026-07-27T11:51:31 IST" name="testPostRequestComplete" finished-at="2026-07-27T11:51:34 IST" duration-ms="2595" status="PASS">
          <reporter-output>
          </reporter-output>
        </test-method> <!-- testPostRequestComplete -->
        <test-method signature="testBDDApproach()[pri:2, instance:com.POSTRequest.CompletePutPostTest@544fa968]" started-at="2026-07-27T11:51:34 IST" name="testBDDApproach" finished-at="2026-07-27T11:51:35 IST" duration-ms="1448" status="PASS">
          <reporter-output>
          </reporter-output>
        </test-method> <!-- testBDDApproach -->
        <test-method signature="testBDDApproachWithExtraction()[pri:3, instance:com.POSTRequest.CompletePutPostTest@544fa968]" started-at="2026-07-27T11:51:35 IST" name="testBDDApproachWithExtraction" finished-at="2026-07-27T11:51:36 IST" duration-ms="669" status="PASS">
          <reporter-output>
          </reporter-output>
        </test-method> <!-- testBDDApproachWithExtraction -->
      </class> <!-- com.POSTRequest.CompletePutPostTest -->
    </test> <!-- Default test -->
  </suite> <!-- Default suite -->
</testng-results>
