<?xml version="1.0" encoding="UTF-8"?>
<!-- Generated by org.testng.reporters.JUnitReportReporter -->
<testsuite hostname="ANUJYADAV" failures="0" tests="1" name="com.ListBox_or_DropDown_options.Selenium_WebDriver_Dropdown_box" time="4.561" errors="0" timestamp="2026-07-17T10:52:47 IST" skipped="0">
  <testcase classname="com.ListBox_or_DropDown_options.Selenium_WebDriver_Dropdown_box" name="dropDownList" time="4.561"/>
</testsuite> <!-- com.ListBox_or_DropDown_options.Selenium_WebDriver_Dropdown_box -->
