<?xml version="1.0" encoding="UTF-8"?>
<testng-results ignored="2" total="3" passed="1" failed="0" skipped="0">
  <reporter-output>
  </reporter-output>
  <suite started-at="2026-07-15T11:49:49 IST" name="Default suite" finished-at="2026-07-15T11:49:53 IST" duration-ms="4141">
    <groups>
    </groups>
    <test started-at="2026-07-15T11:49:49 IST" name="Default test" finished-at="2026-07-15T11:49:53 IST" duration-ms="4141">
      <class name="com.WebDriverCommands.BrowserCommands">
        <test-method signature="ChromeBrowserTest()[pri:0, instance:com.WebDriverCommands.BrowserCommands@55141def]" started-at="2026-07-15T11:49:49 IST" name="ChromeBrowserTest" finished-at="2026-07-15T11:49:53 IST" duration-ms="4095" status="PASS">
          <reporter-output>
          </reporter-output>
        </test-method> <!-- ChromeBrowserTest -->
      </class> <!-- com.WebDriverCommands.BrowserCommands -->
    </test> <!-- Default test -->
  </suite> <!-- Default suite -->
</testng-results>
