<?xml version="1.0" encoding="UTF-8"?>
<!-- Generated by org.testng.reporters.JUnitXMLReporter -->
<testsuite ignored="0" hostname="ANUJYADAV" failures="0" tests="3" name="Surefire test" time="22.258" errors="0" timestamp="2026-07-21T10:38:48 IST">
  <testcase classname="com.JenkinsCICD.DemoTest.CICDTest" name="NavigateDemo" time="10.449"/>
  <testcase classname="com.JenkinsCICD.DemoTest.CICDTest" name="NavigateBackDemo" time="9.164"/>
  <testcase classname="com.JenkinsCICD.DemoTest.CICDTest" name="RefreshMethod" time="2.501"/>
</testsuite> <!-- Surefire test -->
