<?xml version="1.0" encoding="UTF-8"?>
<!-- Generated by org.testng.reporters.JUnitXMLReporter -->
<testsuite ignored="0" hostname="ANUJYADAV" failures="0" tests="3" name="Default test" time="5.168" errors="0" timestamp="2026-07-27T11:51:36 IST">
  <testcase classname="com.POSTRequest.CompletePutPostTest" name="testPostRequestComplete" time="2.595"/>
  <testcase classname="com.POSTRequest.CompletePutPostTest" name="testBDDApproach" time="1.448"/>
  <testcase classname="com.POSTRequest.CompletePutPostTest" name="testBDDApproachWithExtraction" time="0.669"/>
</testsuite> <!-- Default test -->
