<?xml version="1.0" encoding="UTF-8"?>
<testng-results ignored="0" total="3" passed="3" failed="0" skipped="0">
  <reporter-output>
  </reporter-output>
  <suite started-at="2026-07-15T23:49:43 IST" name="Browser Suite" finished-at="2026-07-15T23:51:28 IST" duration-ms="104916">
    <groups>
    </groups>
    <test started-at="2026-07-15T23:49:43 IST" name="Chrome Test" finished-at="2026-07-15T23:50:02 IST" duration-ms="18490">
      <class name="NavigationCommands.BrowserNavigationTest">
        <test-method is-config="true" signature="setup(java.lang.String)[pri:0, instance:NavigationCommands.BrowserNavigationTest@4218d6a3]" started-at="2026-07-15T23:49:43 IST" name="setup" finished-at="2026-07-15T23:49:45 IST" duration-ms="2095" status="PASS">
          <params>
            <param index="0">
              <value>
                <![CDATA[chrome]]>
              </value>
            </param>
          </params>
          <reporter-output>
          </reporter-output>
        </test-method> <!-- setup -->
        <test-method signature="navigationTest()[pri:0, instance:NavigationCommands.BrowserNavigationTest@4218d6a3]" started-at="2026-07-15T23:49:45 IST" name="navigationTest" finished-at="2026-07-15T23:50:01 IST" duration-ms="15973" status="PASS">
          <reporter-output>
          </reporter-output>
        </test-method> <!-- navigationTest -->
        <test-method is-config="true" signature="tearDown()[pri:0, instance:NavigationCommands.BrowserNavigationTest@4218d6a3]" started-at="2026-07-15T23:50:01 IST" name="tearDown" finished-at="2026-07-15T23:50:02 IST" duration-ms="334" status="PASS">
          <reporter-output>
          </reporter-output>
        </test-method> <!-- tearDown -->
      </class> <!-- NavigationCommands.BrowserNavigationTest -->
    </test> <!-- Chrome Test -->
    <test started-at="2026-07-15T23:50:02 IST" name="Firefox Test" finished-at="2026-07-15T23:51:09 IST" duration-ms="67732">
      <class name="NavigationCommands.BrowserNavigationTest">
        <test-method is-config="true" signature="setup(java.lang.String)[pri:0, instance:NavigationCommands.BrowserNavigationTest@2aceadd4]" started-at="2026-07-15T23:50:02 IST" name="setup" finished-at="2026-07-15T23:50:50 IST" duration-ms="48236" status="PASS">
          <params>
            <param index="0">
              <value>
                <![CDATA[firefox]]>
              </value>
            </param>
          </params>
          <reporter-output>
          </reporter-output>
        </test-method> <!-- setup -->
        <test-method signature="navigationTest()[pri:0, instance:NavigationCommands.BrowserNavigationTest@2aceadd4]" started-at="2026-07-15T23:50:50 IST" name="navigationTest" finished-at="2026-07-15T23:51:08 IST" duration-ms="17661" status="PASS">
          <reporter-output>
          </reporter-output>
        </test-method> <!-- navigationTest -->
        <test-method is-config="true" signature="tearDown()[pri:0, instance:NavigationCommands.BrowserNavigationTest@2aceadd4]" started-at="2026-07-15T23:51:08 IST" name="tearDown" finished-at="2026-07-15T23:51:09 IST" duration-ms="1828" status="PASS">
          <reporter-output>
          </reporter-output>
        </test-method> <!-- tearDown -->
      </class> <!-- NavigationCommands.BrowserNavigationTest -->
    </test> <!-- Firefox Test -->
    <test started-at="2026-07-15T23:51:09 IST" name="Edge Test" finished-at="2026-07-15T23:51:28 IST" duration-ms="18618">
      <class name="NavigationCommands.BrowserNavigationTest">
        <test-method is-config="true" signature="setup(java.lang.String)[pri:0, instance:NavigationCommands.BrowserNavigationTest@3a52dba3]" started-at="2026-07-15T23:51:09 IST" name="setup" finished-at="2026-07-15T23:51:11 IST" duration-ms="1992" status="PASS">
          <params>
            <param index="0">
              <value>
                <![CDATA[edge]]>
              </value>
            </param>
          </params>
          <reporter-output>
          </reporter-output>
        </test-method> <!-- setup -->
        <test-method signature="navigationTest()[pri:0, instance:NavigationCommands.BrowserNavigationTest@3a52dba3]" started-at="2026-07-15T23:51:11 IST" name="navigationTest" finished-at="2026-07-15T23:51:28 IST" duration-ms="16250" status="PASS">
          <reporter-output>
          </reporter-output>
        </test-method> <!-- navigationTest -->
        <test-method is-config="true" signature="tearDown()[pri:0, instance:NavigationCommands.BrowserNavigationTest@3a52dba3]" started-at="2026-07-15T23:51:28 IST" name="tearDown" finished-at="2026-07-15T23:51:28 IST" duration-ms="369" status="PASS">
          <reporter-output>
          </reporter-output>
        </test-method> <!-- tearDown -->
      </class> <!-- NavigationCommands.BrowserNavigationTest -->
    </test> <!-- Edge Test -->
  </suite> <!-- Browser Suite -->
</testng-results>
