<?xml version="1.0" encoding="UTF-8"?>
<!-- Generated by org.testng.reporters.JUnitReportReporter -->
<testsuite hostname="ANUJYADAV" failures="0" tests="3" name="com.POSTRequest.CompletePutPostTest" time="4.712" errors="0" timestamp="2026-07-27T11:51:36 IST" skipped="0">
  <testcase classname="com.POSTRequest.CompletePutPostTest" name="testPostRequestComplete" time="2.595"/>
  <testcase classname="com.POSTRequest.CompletePutPostTest" name="testBDDApproach" time="1.448"/>
  <testcase classname="com.POSTRequest.CompletePutPostTest" name="testBDDApproachWithExtraction" time="0.669"/>
</testsuite> <!-- com.POSTRequest.CompletePutPostTest -->
