<?xml version="1.0" encoding="UTF-8"?>
<testng-results ignored="0" total="1" passed="1" failed="0" skipped="0">
  <reporter-output>
  </reporter-output>
  <suite started-at="2026-07-16T09:56:28 IST" name="Default suite" finished-at="2026-07-16T09:59:31 IST" duration-ms="182759">
    <groups>
    </groups>
    <test started-at="2026-07-16T09:56:28 IST" name="Default test" finished-at="2026-07-16T09:59:31 IST" duration-ms="182759">
      <class name="com.SeleniumWebDriverLocators.LocatorClassName">
        <test-method signature="TestDemo()[pri:0, instance:com.SeleniumWebDriverLocators.LocatorClassName@6f1de4c7]" started-at="2026-07-16T09:56:28 IST" name="TestDemo" finished-at="2026-07-16T09:59:31 IST" duration-ms="182659" status="PASS">
          <reporter-output>
          </reporter-output>
        </test-method> <!-- TestDemo -->
      </class> <!-- com.SeleniumWebDriverLocators.LocatorClassName -->
    </test> <!-- Default test -->
  </suite> <!-- Default suite -->
</testng-results>
