<?xml version="1.0" encoding="UTF-8"?>
<!-- Generated by org.testng.reporters.JUnitReportReporter -->
<testsuite hostname="ANUJYADAV" failures="0" tests="3" name="com.JenkinsCICD.DemoTest.CICDTest" time="22.114" errors="0" timestamp="2026-07-21T10:38:48 IST" skipped="0">
  <testcase classname="com.JenkinsCICD.DemoTest.CICDTest" name="NavigateDemo" time="10.449"/>
  <testcase classname="com.JenkinsCICD.DemoTest.CICDTest" name="NavigateBackDemo" time="9.164"/>
  <testcase classname="com.JenkinsCICD.DemoTest.CICDTest" name="RefreshMethod" time="2.501"/>
</testsuite> <!-- com.JenkinsCICD.DemoTest.CICDTest -->
