<?xml version="1.0" encoding="UTF-8"?>
<!-- Generated by org.testng.reporters.JUnitReportReporter -->
<testsuite hostname="ANUJYADAV" failures="0" tests="3" name="com.JenkinsCICD.DemoTest.CICDTest" time="23.037" errors="0" timestamp="2026-07-20T16:07:07 IST" skipped="0">
  <testcase classname="com.JenkinsCICD.DemoTest.CICDTest" name="NavigateDemo" time="12.477"/>
  <testcase classname="com.JenkinsCICD.DemoTest.CICDTest" name="NavigateBackDemo" time="7.759"/>
  <testcase classname="com.JenkinsCICD.DemoTest.CICDTest" name="RefreshMethod" time="2.801"/>
</testsuite> <!-- com.JenkinsCICD.DemoTest.CICDTest -->
