<?xml version="1.0" encoding="UTF-8"?>
<!-- Generated by org.testng.reporters.JUnitReportReporter -->
<testsuite hostname="ANUJYADAV" failures="0" tests="3" name="NavigationCommands.BrowserNavigationTest" time="104.738" errors="0" timestamp="2026-07-15T23:51:28 IST" skipped="0">
  <testcase classname="NavigationCommands.BrowserNavigationTest" name="navigationTest" time="18.611"/>
  <testcase classname="NavigationCommands.BrowserNavigationTest" name="navigationTest" time="18.402"/>
  <testcase classname="NavigationCommands.BrowserNavigationTest" name="navigationTest" time="67.725"/>
</testsuite> <!-- NavigationCommands.BrowserNavigationTest -->
