<?xml version="1.0" encoding="UTF-8"?>
<testng-results ignored="0" total="3" passed="3" failed="0" skipped="0">
  <reporter-output>
  </reporter-output>
  <suite started-at="2026-07-21T10:38:26 IST" name="Surefire suite" finished-at="2026-07-21T10:38:48 IST" duration-ms="22258">
    <groups>
    </groups>
    <test started-at="2026-07-21T10:38:26 IST" name="Surefire test" finished-at="2026-07-21T10:38:48 IST" duration-ms="22258">
      <class name="com.JenkinsCICD.DemoTest.CICDTest">
        <test-method signature="NavigateDemo()[pri:0, instance:com.JenkinsCICD.DemoTest.CICDTest@7671cb68]" started-at="2026-07-21T10:38:26 IST" name="NavigateDemo" finished-at="2026-07-21T10:38:36 IST" duration-ms="10449" status="PASS">
          <reporter-output>
          </reporter-output>
        </test-method> <!-- NavigateDemo -->
        <test-method signature="NavigateBackDemo()[pri:1, instance:com.JenkinsCICD.DemoTest.CICDTest@7671cb68]" started-at="2026-07-21T10:38:36 IST" name="NavigateBackDemo" finished-at="2026-07-21T10:38:45 IST" duration-ms="9164" status="PASS">
          <reporter-output>
          </reporter-output>
        </test-method> <!-- NavigateBackDemo -->
        <test-method signature="RefreshMethod()[pri:2, instance:com.JenkinsCICD.DemoTest.CICDTest@7671cb68]" started-at="2026-07-21T10:38:45 IST" name="RefreshMethod" finished-at="2026-07-21T10:38:48 IST" duration-ms="2501" status="PASS">
          <reporter-output>
          </reporter-output>
        </test-method> <!-- RefreshMethod -->
      </class> <!-- com.JenkinsCICD.DemoTest.CICDTest -->
    </test> <!-- Surefire test -->
  </suite> <!-- Surefire suite -->
</testng-results>
