<?xml version="1.0" encoding="UTF-8"?>
<testng-results ignored="0" total="1" passed="1" failed="0" skipped="0">
  <reporter-output>
  </reporter-output>
  <suite started-at="2026-07-20T14:25:20 IST" name="Default suite" finished-at="2026-07-20T14:26:01 IST" duration-ms="41804">
    <groups>
    </groups>
    <test started-at="2026-07-20T14:25:20 IST" name="Default test" finished-at="2026-07-20T14:26:01 IST" duration-ms="41804">
      <class name="com.SeleniumWebDriveriFrame.MultipleFrames">
        <test-method signature="Frames()[pri:0, instance:com.SeleniumWebDriveriFrame.MultipleFrames@6f1de4c7]" started-at="2026-07-20T14:25:20 IST" name="Frames" finished-at="2026-07-20T14:26:01 IST" duration-ms="41711" status="PASS">
          <reporter-output>
          </reporter-output>
        </test-method> <!-- Frames -->
      </class> <!-- com.SeleniumWebDriveriFrame.MultipleFrames -->
    </test> <!-- Default test -->
  </suite> <!-- Default suite -->
</testng-results>
