<?xml version="1.0" encoding="UTF-8"?>
<testng-results ignored="0" total="1" passed="1" failed="0" skipped="0">
  <reporter-output>
  </reporter-output>
  <suite started-at="2026-07-16T16:12:47 IST" name="Default suite" finished-at="2026-07-16T16:13:09 IST" duration-ms="21141">
    <groups>
    </groups>
    <test started-at="2026-07-16T16:12:47 IST" name="Default test" finished-at="2026-07-16T16:13:09 IST" duration-ms="21141">
      <class name="com.SeleniumAlerts.SeleniumAlert">
        <test-method signature="TestPopups()[pri:0, instance:com.SeleniumAlerts.SeleniumAlert@4135c3b]" started-at="2026-07-16T16:12:47 IST" name="TestPopups" finished-at="2026-07-16T16:13:09 IST" duration-ms="21052" status="PASS">
          <reporter-output>
          </reporter-output>
        </test-method> <!-- TestPopups -->
      </class> <!-- com.SeleniumAlerts.SeleniumAlert -->
    </test> <!-- Default test -->
  </suite> <!-- Default suite -->
</testng-results>
