<?xml version="1.0" encoding="UTF-8"?>
<!-- Generated by org.testng.reporters.JUnitXMLReporter -->
<testsuite ignored="2" hostname="ANUJYADAV" failures="0" tests="1" name="Default test" time="4.141" errors="0" timestamp="2026-07-15T11:49:53 IST">
  <testcase classname="com.WebDriverCommands.BrowserCommands" name="ChromeBrowserTest" time="4.095"/>
  <testcase classname="com.WebDriverCommands.BrowserCommands" name="FirefoxBrowserTest" time="0.0">
    <ignored/>
  </testcase> <!-- FirefoxBrowserTest -->
  <testcase classname="com.WebDriverCommands.BrowserCommands" name="EdgeBrowserTest" time="0.0">
    <ignored/>
  </testcase> <!-- EdgeBrowserTest -->
</testsuite> <!-- Default test -->
