<?xml version="1.0" encoding="UTF-8"?>
<testng-results ignored="0" total="1" passed="1" failed="0" skipped="0">
  <reporter-output>
  </reporter-output>
  <suite started-at="2026-07-28T19:39:36 IST" name="Suite" finished-at="2026-07-28T19:40:43 IST" duration-ms="67693">
    <groups>
    </groups>
    <test started-at="2026-07-28T19:39:36 IST" name="Test" finished-at="2026-07-28T19:40:43 IST" duration-ms="67693">
      <class name="com.Framework.TestCase.LoginANDAgeCalculatorTest">
        <test-method is-config="true" signature="startApplication()[pri:0, instance:com.Framework.TestCase.LoginANDAgeCalculatorTest@1b66c0fb]" started-at="2026-07-28T19:39:36 IST" name="startApplication" finished-at="2026-07-28T19:39:42 IST" duration-ms="5735" status="PASS">
          <reporter-output>
          </reporter-output>
        </test-method> <!-- startApplication -->
        <test-method signature="verifyAgeCalculator()[pri:0, instance:com.Framework.TestCase.LoginANDAgeCalculatorTest@1b66c0fb]" started-at="2026-07-28T19:39:42 IST" name="verifyAgeCalculator" finished-at="2026-07-28T19:40:43 IST" duration-ms="61023" status="PASS">
          <reporter-output>
          </reporter-output>
        </test-method> <!-- verifyAgeCalculator -->
        <test-method is-config="true" signature="closeApplication()[pri:0, instance:com.Framework.TestCase.LoginANDAgeCalculatorTest@1b66c0fb]" started-at="2026-07-28T19:40:43 IST" name="closeApplication" finished-at="2026-07-28T19:40:43 IST" duration-ms="662" status="PASS">
          <reporter-output>
          </reporter-output>
        </test-method> <!-- closeApplication -->
      </class> <!-- com.Framework.TestCase.LoginANDAgeCalculatorTest -->
    </test> <!-- Test -->
  </suite> <!-- Suite -->
</testng-results>
